<?xml version="1.0" encoding="UTF-8"?>
<!-- Generated by org.testng.reporters.JUnitReportReporter -->
<testsuite hostname="DESKTOP-UM5P1M6" failures="0" tests="1" name="test.AddToCartTest" time="52.885" errors="0" timestamp="2022-12-05T16:28:53 EST" skipped="0">
  <testcase classname="test.AddToCartTest" name="AddtoCart" time="52.885"/>
  <system-out/>
</testsuite> <!-- test.AddToCartTest -->
