<?xml version="1.0" encoding="UTF-8"?>
<!-- Generated by org.testng.reporters.JUnitReportReporter -->
<testsuite hostname="DESKTOP-UM5P1M6" failures="0" tests="2" name="test.LoginTest" time="64.228" errors="0" timestamp="2022-12-05T16:28:53 EST" skipped="0">
  <testcase classname="test.LoginTest" name="IncorrectCredentials" time="31.820"/>
  <system-out/>
  <testcase classname="test.LoginTest" name="loginwithNOEmail" time="32.408"/>
  <system-out/>
</testsuite> <!-- test.LoginTest -->
